Performing C SOURCE FILE Test CMAKE_HAVE_LIBC_PTHREAD failed with the following output:
Change Dir: /mnt/d/aMain/4-pre/pre/build/CMakeFiles/CMakeTmp

Run Build Command(s):/usr/bin/make -f Makefile cmTC_ac886/fast && /usr/bin/make  -f CMakeFiles/cmTC_ac886.dir/build.make CMakeFiles/cmTC_ac886.dir/build
make[1]: Entering directory '/mnt/d/aMain/4-pre/pre/build/CMakeFiles/CMakeTmp'
Building C object CMakeFiles/cmTC_ac886.dir/src.c.o
/usr/bin/cc -DCMAKE_HAVE_LIBC_PTHREAD  -fPIE -o CMakeFiles/cmTC_ac886.dir/src.c.o -c /mnt/d/aMain/4-pre/pre/build/CMakeFiles/CMakeTmp/src.c
Linking C executable cmTC_ac886
/home/mzy/.local/lib/python3.8/site-packages/cmake/data/bin/cmake -E cmake_link_script CMakeFiles/cmTC_ac886.dir/link.txt --verbose=1
/usr/bin/cc CMakeFiles/cmTC_ac886.dir/src.c.o -o cmTC_ac886 
/usr/bin/ld: CMakeFiles/cmTC_ac886.dir/src.c.o: in function `main':
src.c:(.text+0x46): undefined reference to `pthread_create'
/usr/bin/ld: src.c:(.text+0x52): undefined reference to `pthread_detach'
/usr/bin/ld: src.c:(.text+0x5e): undefined reference to `pthread_cancel'
/usr/bin/ld: src.c:(.text+0x6f): undefined reference to `pthread_join'
collect2: error: ld returned 1 exit status
make[1]: *** [CMakeFiles/cmTC_ac886.dir/build.make:99: cmTC_ac886] Error 1
make[1]: Leaving directory '/mnt/d/aMain/4-pre/pre/build/CMakeFiles/CMakeTmp'
make: *** [Makefile:127: cmTC_ac886/fast] Error 2


Source file was:
#include <pthread.h>

static void* test_func(void* data)
{
  return data;
}

int main(void)
{
  pthread_t thread;
  pthread_create(&thread, NULL, test_func, NULL);
  pthread_detach(thread);
  pthread_cancel(thread);
  pthread_join(thread, NULL);
  pthread_atfork(NULL, NULL, NULL);
  pthread_exit(NULL);

  return 0;
}

Determining if the function pthread_create exists in the pthreads failed with the following output:
Change Dir: /mnt/d/aMain/4-pre/pre/build/CMakeFiles/CMakeTmp

Run Build Command(s):/usr/bin/make -f Makefile cmTC_13eb4/fast && /usr/bin/make  -f CMakeFiles/cmTC_13eb4.dir/build.make CMakeFiles/cmTC_13eb4.dir/build
make[1]: Entering directory '/mnt/d/aMain/4-pre/pre/build/CMakeFiles/CMakeTmp'
Building C object CMakeFiles/cmTC_13eb4.dir/CheckFunctionExists.c.o
/usr/bin/cc   -DCHECK_FUNCTION_EXISTS=pthread_create -fPIE -o CMakeFiles/cmTC_13eb4.dir/CheckFunctionExists.c.o -c /home/mzy/.local/lib/python3.8/site-packages/cmake/data/share/cmake-3.22/Modules/CheckFunctionExists.c
Linking C executable cmTC_13eb4
/home/mzy/.local/lib/python3.8/site-packages/cmake/data/bin/cmake -E cmake_link_script CMakeFiles/cmTC_13eb4.dir/link.txt --verbose=1
/usr/bin/cc  -DCHECK_FUNCTION_EXISTS=pthread_create CMakeFiles/cmTC_13eb4.dir/CheckFunctionExists.c.o -o cmTC_13eb4  -lpthreads 
/usr/bin/ld: cannot find -lpthreads
collect2: error: ld returned 1 exit status
make[1]: *** [CMakeFiles/cmTC_13eb4.dir/build.make:99: cmTC_13eb4] Error 1
make[1]: Leaving directory '/mnt/d/aMain/4-pre/pre/build/CMakeFiles/CMakeTmp'
make: *** [Makefile:127: cmTC_13eb4/fast] Error 2



Determining if the function sgemm_ exists failed with the following output:
Change Dir: /mnt/d/aMain/4-pre/pre/build/CMakeFiles/CMakeTmp

Run Build Command(s):/usr/bin/make -f Makefile cmTC_babba/fast && /usr/bin/make  -f CMakeFiles/cmTC_babba.dir/build.make CMakeFiles/cmTC_babba.dir/build
make[1]: Entering directory '/mnt/d/aMain/4-pre/pre/build/CMakeFiles/CMakeTmp'
Building C object CMakeFiles/cmTC_babba.dir/CheckFunctionExists.c.o
/usr/bin/cc   -DCHECK_FUNCTION_EXISTS=sgemm_ -fPIE -o CMakeFiles/cmTC_babba.dir/CheckFunctionExists.c.o -c /home/mzy/.local/lib/python3.8/site-packages/cmake/data/share/cmake-3.22/Modules/CheckFunctionExists.c
Linking C executable cmTC_babba
/home/mzy/.local/lib/python3.8/site-packages/cmake/data/bin/cmake -E cmake_link_script CMakeFiles/cmTC_babba.dir/link.txt --verbose=1
/usr/bin/cc  -DCHECK_FUNCTION_EXISTS=sgemm_ CMakeFiles/cmTC_babba.dir/CheckFunctionExists.c.o -o cmTC_babba 
/usr/bin/ld: CMakeFiles/cmTC_babba.dir/CheckFunctionExists.c.o: in function `main':
CheckFunctionExists.c:(.text+0x14): undefined reference to `sgemm_'
collect2: error: ld returned 1 exit status
make[1]: *** [CMakeFiles/cmTC_babba.dir/build.make:99: cmTC_babba] Error 1
make[1]: Leaving directory '/mnt/d/aMain/4-pre/pre/build/CMakeFiles/CMakeTmp'
make: *** [Makefile:127: cmTC_babba/fast] Error 2



